[11:32:23] [ServerMain/INFO]: [bootstrap] Running Java 21 (OpenJDK 64-Bit Server VM 21.0.7+6-LTS; Microsoft Microsoft-11369942) on Linux 6.8.0-1027-azure (amd64)
[11:32:23] [ServerMain/INFO]: [bootstrap] Loading Paper 1.21.4-232-ver/1.21.4@12d8fe0 (2025-06-09T10:15:42Z) for Minecraft 1.21.4
[11:32:23] [ServerMain/INFO]: [PluginInitializerManager] Initializing plugins...
[11:32:23] [ServerMain/INFO]: [PluginInitializerManager] Initialized 0 plugins
[11:32:28] [ServerMain/INFO]: Environment: Environment[sessionHost=https://sessionserver.mojang.com, servicesHost=https://api.minecraftservices.com, name=PROD]
[11:32:30] [ServerMain/INFO]: Loaded 1370 recipes
[11:32:30] [ServerMain/INFO]: Loaded 1481 advancements
[11:32:30] [ServerMain/INFO]: [MCTypeRegistry] Initialising converters for DataConverter...
[11:32:30] [ServerMain/INFO]: [MCTypeRegistry] Finished initialising converters for DataConverter in 258.2ms
[11:32:30] [Server thread/INFO]: Starting minecraft server version 1.21.4
[11:32:30] [Server thread/INFO]: Loading properties
[11:32:30] [Server thread/INFO]: This server is running Paper version 1.21.4-232-ver/1.21.4@12d8fe0 (2025-06-09T10:15:42Z) (Implementing API version 1.21.4-R0.1-SNAPSHOT)
[11:32:30] [Server thread/INFO]: [spark] This server bundles the spark profiler. For more information please visit https://docs.papermc.io/paper/profiling
[11:32:30] [Server thread/INFO]: Server Ping Player Sample Count: 12
[11:32:30] [Server thread/INFO]: Using 4 threads for Netty based IO
[11:32:31] [Server thread/INFO]: [MoonriseCommon] Paper is using 1 worker threads, 1 I/O threads
[11:32:31] [Server thread/INFO]: [ChunkTaskScheduler] Chunk system is using population gen parallelism: true
[11:32:32] [Server thread/INFO]: Default game type: SURVIVAL
[11:32:32] [Server thread/INFO]: Generating keypair
[11:32:32] [Server thread/INFO]: Starting Minecraft server on *:25565
[11:32:32] [Server thread/INFO]: Using epoll channel type
[11:32:32] [Server thread/INFO]: Paper: Using libdeflate (Linux x86_64) compression from Velocity.
[11:32:32] [Server thread/INFO]: Paper: Using OpenSSL 3.x.x (Linux x86_64) cipher from Velocity.
[11:32:32] [Server thread/INFO]: Server permissions file permissions.yml is empty, ignoring it
[11:32:32] [Server thread/INFO]: Preparing level "world"
[11:32:32] [Server thread/INFO]: Preparing start region for dimension minecraft:overworld
[11:32:32] [Server thread/INFO]: Preparing spawn area: 0%
[11:32:33] [Server thread/INFO]: Preparing spawn area: 2%
[11:32:33] [Server thread/INFO]: Time elapsed: 944 ms
[11:32:33] [Server thread/INFO]: Preparing start region for dimension minecraft:the_nether
[11:32:33] [Server thread/INFO]: Preparing spawn area: 0%
[11:32:33] [Server thread/INFO]: Time elapsed: 175 ms
[11:32:33] [Server thread/INFO]: Preparing start region for dimension minecraft:the_end
[11:32:33] [Server thread/INFO]: Preparing spawn area: 0%
[11:32:34] [Server thread/INFO]: Time elapsed: 156 ms
[11:32:34] [Server thread/INFO]: [spark] Starting background profiler...
[11:32:34] [Server thread/INFO]: Done preparing level "world" (2.178s)
[11:32:34] [Server thread/INFO]: Running delayed init tasks
[11:32:34] [Server thread/INFO]: Done (11.680s)! For help, type "help"
